

Version:	3.50
CmdLine:	E:\Project\Java\AngryBirds\AngryBirds.exe --l4j-debug
JNI:		No
WOW64:		Yes
Working dir:	E:\Project\Java\AngryBirds\.
Requires JDK:	Yes
Requires 64-Bit: Yes
Java min ver:	
Java max ver:	
Substitute:	JAVA_HOME = 
Substitute:	PATH = C:\Program Files (x86)\VMware\VMware Player\bin\;C:\MinGW\bin;C:\Program Files\Common Files\Oracle\Java\javapath;C:\Windows\system32;C:\Windows;C:\Windows\System32\Wbem;C:\Windows\System32\WindowsPowerShell\v1.0\;C:\Windows\System32\OpenSSH\;C:\Program Files (x86)\NVIDIA Corporation\PhysX\Common;C:\Program Files\NVIDIA Corporation\NVIDIA NvDLISR;C:\Program Files\Microsoft SQL Server\150\Tools\Binn\;C:\Program Files\Microsoft SQL Server\Client SDK\ODBC\170\Tools\Binn\;C:\Program Files\dotnet\;C:\Program Files\Java\jdk-20\bin;C:\Users\jaype\AppData\Local\Programs\Python\Python312\Scripts\;C:\Users\jaype\AppData\Local\Programs\Python\Python312\;C:\Users\jaype\AppData\Local\Programs\Python\Python311\Scripts\;C:\Program Files\Common Files\Autodesk Shared\;C:\Program Files\Git\cmd;C:\Program Files (x86)\Windows Kits\10\Windows Performance Toolkit\;C:\Program Files\PowerShell\7\;C:\Users\jaype\miniconda3;C:\Users\jaype\miniconda3\Library\mingw-w64\bin;C:\Users\jaype\miniconda3\Library\usr\bin;C:\Users\jaype\miniconda3\Library\bin;C:\Users\jaype\miniconda3\Scripts;C:\Users\jaype\.cargo\bin;C:\Users\jaype\AppData\Local\Programs\Python\Python312\Scripts\;C:\Users\jaype\AppData\Local\Programs\Python\Python312\;C:\MinGW\bin;C:\Users\jaype\AppData\Local\Programs\Python\Python311\Scripts\;C:\Users\jaype\AppData\Local\Microsoft\WindowsApps;C:\Users\jaype\.dotnet\tools;E:\Program Files\JetBrains\PyCharm Community Edition 2023.1\bin;;E:\Program Files\Microsoft VS Code\bin;C:\Users\Public\GIMP\gimpenv3\Lib\site-packages\gimpopenvino\plugins;E:\Program Files\IntelliJ IDEA 2024.2.1\bin;;C:\Program Files\Java\jdk-20\bin
JRE paths:	;C:\Program Files (x86)\VMware\VMware Player\bin\;C:\MinGW\bin;C:\Program Files\Common Files\Oracle\Java\javapath;C:\Windows\system32;C:\Windows;C:\Windows\System32\Wbem;C:\Windows\System32\WindowsPowerShell\v1.0\;C:\Windows\System32\OpenSSH\;C:\Program Files (x86)\NVIDIA Corporation\PhysX\Common;C:\Program Files\NVIDIA Corporation\NVIDIA NvDLISR;C:\Program Files\Microsoft SQL Server\150\Tools\Binn\;C:\Program Files\Microsoft SQL Server\Client SDK\ODBC\170\Tools\Binn\;C:\Program Files\dotnet\;C:\Program Files\Java\jdk-20\bin;C:\Users\jaype\AppData\Local\Programs\Python\Python312\Scripts\;C:\Users\jaype\AppData\Local\Programs\Python\Python312\;C:\Users\jaype\AppData\Local\Programs\Python\Python311\Scripts\;C:\Program Files\Common Files\Autodesk Shared\;C:\Program Files\Git\cmd;C:\Program Files (x86)\Windows Kits\10\Windows Performance Toolkit\;C:\Program Files\PowerShell\7\;C:\Users\jaype\miniconda3;C:\Users\jaype\miniconda3\Library\mingw-w64\bin;C:\Users\jaype\miniconda3\Library\usr\bin;C:\Users\jaype\miniconda3\Library\bin;C:\Users\jaype\miniconda3\Scripts;C:\Users\jaype\.cargo\bin;C:\Users\jaype\AppData\Local\Programs\Python\Python312\Scripts\;C:\Users\jaype\AppData\Local\Programs\Python\Python312\;C:\MinGW\bin;C:\Users\jaype\AppData\Local\Programs\Python\Python311\Scripts\;C:\Users\jaype\AppData\Local\Microsoft\WindowsApps;C:\Users\jaype\.dotnet\tools;E:\Program Files\JetBrains\PyCharm Community Edition 2023.1\bin;;E:\Program Files\Microsoft VS Code\bin;C:\Users\Public\GIMP\gimpenv3\Lib\site-packages\gimpopenvino\plugins;E:\Program Files\IntelliJ IDEA 2024.2.1\bin;;C:\Program Files\Java\jdk-20\bin
Check launcher:	C:\Program Files (x86)\VMware\VMware Player\bin\bin\javaw.exe (not found)
Check launcher:	C:\MinGW\bin\javaw.exe (not found)
Check launcher:	C:\Program Files\Common Files\Oracle\Java\javapath\bin\javaw.exe (not found)
Check launcher:	C:\Windows\system32\bin\javaw.exe (not found)
Check launcher:	C:\Windows\bin\javaw.exe (not found)
Check launcher:	C:\Windows\System32\Wbem\bin\javaw.exe (not found)
Check launcher:	C:\Windows\System32\WindowsPowerShell\v1.0\bin\javaw.exe (not found)
Check launcher:	C:\Windows\System32\OpenSSH\bin\javaw.exe (not found)
Check launcher:	C:\Program Files (x86)\NVIDIA Corporation\PhysX\Common\bin\javaw.exe (not found)
Check launcher:	C:\Program Files\NVIDIA Corporation\NVIDIA NvDLISR\bin\javaw.exe (not found)
Check launcher:	C:\Program Files\Microsoft SQL Server\150\Tools\Binn\bin\javaw.exe (not found)
Check launcher:	C:\Program Files\Microsoft SQL Server\Client SDK\ODBC\170\Tools\Binn\bin\javaw.exe (not found)
Check launcher:	C:\Program Files\dotnet\bin\javaw.exe (not found)
Check launcher:	C:\Program Files\Java\jdk-20\bin\javaw.exe (OK)
Check javac:	C:\Program Files\Java\jdk-20\bin\javac.exe (OK)
Version string: 1.020.000 / 64-Bit (OK)
Launcher:	C:\Program Files\Java\jdk-20\bin\javaw.exe
Launcher args:	-jar "E:\Project\Java\AngryBirds\AngryBirds.exe"
Args length:	48/32768 chars
Exit code:	0
